 ** 
Create 'Favorites'
Create 'Favorites'
Select Menu Template
Edit Menu Item
Move Menu Item
Edit Menu Item
Change Menu Background
Auto Play Disc
Undo Auto Play Disc
Edit Menu Item
Edit Menu Item
Change Menu Background
Change Menu Background
Audio Cross Dissolve before Loop
Auto Play Disc
Undo Auto Play Disc
Undo Audio Cross Dissolve before Loop
Redo Audio Cross Dissolve before Loop
Redo Auto Play Disc
Undo Auto Play Disc
Change Menu Background
Edit Menu Item
Move Menu Item
Edit Menu Item
Move Menu Item
Move Menu Item
Move Menu Item
Move Menu Item
Transform Menu Item
 ** 
Insert
Delete and Close Gap
Add Menu Marker
Set Motion in Menu Marker
Apply to all Marker Buttons
 ** 
Edit Parameter
Edit Parameter
Edit Parameter
Change Menu Template
Audio Cross Dissolve before Loop
Auto Play Disc
Create 'Folder 01'
Create 'Universal Counting Leader'
Insert
 ** 
Setting Filter Inactive
Setting Filter Active
Insert
Add Media
